<?xml version="1.0" encoding="UTF-8"?>
<testsuites name="Login" time="28" tests="3" failures="0" errors="0">
   <testsuite name="Login" tests="3" failures="0" errors="0" time="28" timestamp="2019-01-05 21:53:08" hostname="rashids2 - NCI-02055813-L.nci.nih.gov" id="Test Suites/Login">
      <properties>
         <property name="deviceName" value=""/>
         <property name="devicePlatform" value=""/>
         <property name="logFolder" value="C:\\Users\\rashids2\\git\\CBIITQA-ICRC-KICKOFF\\Reports\\Login\\20190105_215304"/>
         <property name="logFiles" value="C:\\Users\\rashids2\\git\\CBIITQA-ICRC-KICKOFF\\Reports\\Login\\20190105_215304\\execution0.log"/>
         <property name="attachments" value=""/>
         <property name="hostName" value="rashids2 - NCI-02055813-L.nci.nih.gov"/>
         <property name="os" value="Windows 10 64bit"/>
         <property name="katalonVersion" value="5.10.1.1"/>
         <property name="browser" value="Chrome 71.0.3578.98"/>
         <property name="hostAddress" value="10.242.221.71"/>
         <property name="sessionId" value="ee6c51e7c175e48a3cfb55c7e7e46cd0"/>
         <property name="seleniumVersion" value="3.7.1"/>
         <property name="proxyInformation" value="ProxyInformation{proxyOption=NO_PROXY, proxyServerType=HTTP, password=, proxyServerAddress=, proxyServerPort=0}"/>
         <property name="platform" value="Windows 10"/>
      </properties>
      <testcase name="Test Cases/ICRC External - Login Sample Data File" classname="Test Cases/ICRC External - Login Sample Data File" status="PASSED">
         <system-out><![CDATA[2019-01-05 21:53:09 - [TEST_CASE][PASSED] - Test Cases/ICRC External - Login Sample Data File: Test Cases/ICRC External - Login Sample Data File

2019-01-05 21:53:09 - [TEST_STEP][PASSED] - openBrowser(""): Browser is opened with url: ''

2019-01-05 21:53:10 - [MESSAGE][INFO] - Starting 'Chrome' driver

2019-01-05 21:53:10 - [MESSAGE][INFO] - Action delay is set to 0 seconds

2019-01-05 21:53:13 - [MESSAGE][PASSED] - Browser is opened with url: ''

2019-01-05 21:53:13 - [TEST_STEP][PASSED] - navigateToUrl("https://icrc-test.nci.nih.gov/"): Navigate to 'https://icrc-test.nci.nih.gov/' successfully

2019-01-05 21:53:17 - [MESSAGE][PASSED] - Navigate to 'https://icrc-test.nci.nih.gov/' successfully

2019-01-05 21:53:17 - [TEST_STEP][PASSED] - click(findTestObject("Object Repository/Page_Introduction to Cancer Researc/a_Login")): Object: 'Object Repository/Page_Introduction to Cancer Researc/a_Login' is clicked on

2019-01-05 21:53:17 - [MESSAGE][PASSED] - Object: 'Object Repository/Page_Introduction to Cancer Researc/a_Login' is clicked on

2019-01-05 21:53:17 - [TEST_STEP][PASSED] - setText(findTestObject("Object Repository/Page_Login/input_Email Address_username"), emailaddress): Text 'ncitester@nih.gov' is set on object 'Object Repository/Page_Login/input_Email Address_username'

2019-01-05 21:53:18 - [MESSAGE][PASSED] - Text 'ncitester@nih.gov' is set on object 'Object Repository/Page_Login/input_Email Address_username'

2019-01-05 21:53:18 - [TEST_STEP][PASSED] - setEncryptedText(findTestObject("Object Repository/Page_Login/input_Password_password"), "iFGeFYmXIrWy72D5I5E8Dw=="): Text ****** has been set on object 'Object Repository/Page_Login/input_Password_password'

2019-01-05 21:53:18 - [MESSAGE][PASSED] - Text ****** has been set on object 'Object Repository/Page_Login/input_Password_password'

2019-01-05 21:53:18 - [TEST_STEP][PASSED] - click(findTestObject("Object Repository/Page_Login/input_Password_userlogin_0")): Object: 'Object Repository/Page_Login/input_Password_userlogin_0' is clicked on

2019-01-05 21:53:20 - [MESSAGE][PASSED] - Object: 'Object Repository/Page_Login/input_Password_userlogin_0' is clicked on

2019-01-05 21:53:20 - [TEST_STEP][PASSED] - click(findTestObject("Page_ICRC Application/a_Log out (1)")): Object: 'Object Repository/Page_ICRC Application/a_Log out (1)' is clicked on

2019-01-05 21:53:20 - [MESSAGE][PASSED] - Object: 'Object Repository/Page_ICRC Application/a_Log out (1)' is clicked on

2019-01-05 21:53:20 - [TEST_STEP][PASSED] - closeBrowser(): Browser is closed

2019-01-05 21:53:21 - [MESSAGE][PASSED] - Browser is closed]]></system-out>
         <system-err><![CDATA[]]></system-err>
      </testcase>
      <testcase name="Test Cases/ICRC External - Login Sample Data File" classname="Test Cases/ICRC External - Login Sample Data File" status="PASSED">
         <system-out><![CDATA[2019-01-05 21:53:21 - [TEST_CASE][PASSED] - Test Cases/ICRC External - Login Sample Data File: Test Cases/ICRC External - Login Sample Data File

2019-01-05 21:53:21 - [TEST_STEP][PASSED] - openBrowser(""): Browser is opened with url: ''

2019-01-05 21:53:21 - [MESSAGE][INFO] - Starting 'Chrome' driver

2019-01-05 21:53:23 - [MESSAGE][PASSED] - Browser is opened with url: ''

2019-01-05 21:53:23 - [TEST_STEP][PASSED] - navigateToUrl("https://icrc-test.nci.nih.gov/"): Navigate to 'https://icrc-test.nci.nih.gov/' successfully

2019-01-05 21:53:24 - [MESSAGE][PASSED] - Navigate to 'https://icrc-test.nci.nih.gov/' successfully

2019-01-05 21:53:24 - [TEST_STEP][PASSED] - click(findTestObject("Object Repository/Page_Introduction to Cancer Researc/a_Login")): Object: 'Object Repository/Page_Introduction to Cancer Researc/a_Login' is clicked on

2019-01-05 21:53:25 - [MESSAGE][PASSED] - Object: 'Object Repository/Page_Introduction to Cancer Researc/a_Login' is clicked on

2019-01-05 21:53:25 - [TEST_STEP][PASSED] - setText(findTestObject("Object Repository/Page_Login/input_Email Address_username"), emailaddress): Text 'ncitester1@nih.gov' is set on object 'Object Repository/Page_Login/input_Email Address_username'

2019-01-05 21:53:25 - [MESSAGE][PASSED] - Text 'ncitester1@nih.gov' is set on object 'Object Repository/Page_Login/input_Email Address_username'

2019-01-05 21:53:25 - [TEST_STEP][PASSED] - setEncryptedText(findTestObject("Object Repository/Page_Login/input_Password_password"), "iFGeFYmXIrWy72D5I5E8Dw=="): Text ****** has been set on object 'Object Repository/Page_Login/input_Password_password'

2019-01-05 21:53:25 - [MESSAGE][PASSED] - Text ****** has been set on object 'Object Repository/Page_Login/input_Password_password'

2019-01-05 21:53:25 - [TEST_STEP][PASSED] - click(findTestObject("Object Repository/Page_Login/input_Password_userlogin_0")): Object: 'Object Repository/Page_Login/input_Password_userlogin_0' is clicked on

2019-01-05 21:53:27 - [MESSAGE][PASSED] - Object: 'Object Repository/Page_Login/input_Password_userlogin_0' is clicked on

2019-01-05 21:53:27 - [TEST_STEP][PASSED] - click(findTestObject("Page_ICRC Application/a_Log out (1)")): Object: 'Object Repository/Page_ICRC Application/a_Log out (1)' is clicked on

2019-01-05 21:53:27 - [MESSAGE][PASSED] - Object: 'Object Repository/Page_ICRC Application/a_Log out (1)' is clicked on

2019-01-05 21:53:27 - [TEST_STEP][PASSED] - closeBrowser(): Browser is closed

2019-01-05 21:53:28 - [MESSAGE][PASSED] - Browser is closed]]></system-out>
         <system-err><![CDATA[]]></system-err>
      </testcase>
      <testcase name="Test Cases/ICRC External - Login Sample Data File" classname="Test Cases/ICRC External - Login Sample Data File" status="PASSED">
         <system-out><![CDATA[2019-01-05 21:53:28 - [TEST_CASE][PASSED] - Test Cases/ICRC External - Login Sample Data File: Test Cases/ICRC External - Login Sample Data File

2019-01-05 21:53:28 - [TEST_STEP][PASSED] - openBrowser(""): Browser is opened with url: ''

2019-01-05 21:53:28 - [MESSAGE][INFO] - Starting 'Chrome' driver

2019-01-05 21:53:30 - [MESSAGE][PASSED] - Browser is opened with url: ''

2019-01-05 21:53:30 - [TEST_STEP][PASSED] - navigateToUrl("https://icrc-test.nci.nih.gov/"): Navigate to 'https://icrc-test.nci.nih.gov/' successfully

2019-01-05 21:53:33 - [MESSAGE][PASSED] - Navigate to 'https://icrc-test.nci.nih.gov/' successfully

2019-01-05 21:53:33 - [TEST_STEP][PASSED] - click(findTestObject("Object Repository/Page_Introduction to Cancer Researc/a_Login")): Object: 'Object Repository/Page_Introduction to Cancer Researc/a_Login' is clicked on

2019-01-05 21:53:33 - [MESSAGE][PASSED] - Object: 'Object Repository/Page_Introduction to Cancer Researc/a_Login' is clicked on

2019-01-05 21:53:33 - [TEST_STEP][PASSED] - setText(findTestObject("Object Repository/Page_Login/input_Email Address_username"), emailaddress): Text 'ncitester2@nih.gov' is set on object 'Object Repository/Page_Login/input_Email Address_username'

2019-01-05 21:53:33 - [MESSAGE][PASSED] - Text 'ncitester2@nih.gov' is set on object 'Object Repository/Page_Login/input_Email Address_username'

2019-01-05 21:53:33 - [TEST_STEP][PASSED] - setEncryptedText(findTestObject("Object Repository/Page_Login/input_Password_password"), "iFGeFYmXIrWy72D5I5E8Dw=="): Text ****** has been set on object 'Object Repository/Page_Login/input_Password_password'

2019-01-05 21:53:34 - [MESSAGE][PASSED] - Text ****** has been set on object 'Object Repository/Page_Login/input_Password_password'

2019-01-05 21:53:34 - [TEST_STEP][PASSED] - click(findTestObject("Object Repository/Page_Login/input_Password_userlogin_0")): Object: 'Object Repository/Page_Login/input_Password_userlogin_0' is clicked on

2019-01-05 21:53:35 - [MESSAGE][PASSED] - Object: 'Object Repository/Page_Login/input_Password_userlogin_0' is clicked on

2019-01-05 21:53:35 - [TEST_STEP][PASSED] - click(findTestObject("Page_ICRC Application/a_Log out (1)")): Object: 'Object Repository/Page_ICRC Application/a_Log out (1)' is clicked on

2019-01-05 21:53:36 - [MESSAGE][PASSED] - Object: 'Object Repository/Page_ICRC Application/a_Log out (1)' is clicked on

2019-01-05 21:53:36 - [TEST_STEP][PASSED] - closeBrowser(): Browser is closed

2019-01-05 21:53:36 - [MESSAGE][PASSED] - Browser is closed]]></system-out>
         <system-err><![CDATA[]]></system-err>
      </testcase>
      <system-out><![CDATA[2019-01-05 21:53:08 - [TEST_SUITE][PASSED] - Login: Test Cases/ICRC External - Login Sample Data File]]></system-out>
      <system-err><![CDATA[]]></system-err>
   </testsuite>
</testsuites>
