<?xml version="1.0" encoding="UTF-8"?>
<testsuites name="Register and Login" time="23" tests="2" failures="0" errors="0">
   <testsuite name="Register and Login" tests="2" failures="0" errors="0" time="23" timestamp="2019-01-07 10:38:45" hostname="andreyeve - NCI-02055139-L.nci.nih.gov" id="Test Suites/Register and Login">
      <properties>
         <property name="deviceName" value=""/>
         <property name="devicePlatform" value=""/>
         <property name="logFolder" value="C:\\Users\\andreyeve\\Katalon Studio\\CBIITQA-ICRC-KICKOFF 1\\Reports\\Register and Login\\20190107_103842"/>
         <property name="logFiles" value="C:\\Users\\andreyeve\\Katalon Studio\\CBIITQA-ICRC-KICKOFF 1\\Reports\\Register and Login\\20190107_103842\\execution0.log"/>
         <property name="attachments" value=""/>
         <property name="hostName" value="andreyeve - NCI-02055139-L.nci.nih.gov"/>
         <property name="os" value="Windows 7 64bit"/>
         <property name="katalonVersion" value="5.10.1.1"/>
         <property name="browser" value="Chrome 71.0.3578.98"/>
         <property name="hostAddress" value="10.172.20.72"/>
         <property name="sessionId" value="6b2f2018e39de95a0bb4578b6feff38a"/>
         <property name="seleniumVersion" value="3.7.1"/>
         <property name="proxyInformation" value="ProxyInformation{proxyOption=NO_PROXY, proxyServerType=HTTP, password=, proxyServerAddress=, proxyServerPort=0}"/>
         <property name="platform" value="Windows 7"/>
      </properties>
      <testcase name="Test Cases/ICRC External - Registration" classname="Test Cases/ICRC External - Registration" status="PASSED">
         <system-out><![CDATA[2019-01-07 10:38:45 - [TEST_CASE][PASSED] - Test Cases/ICRC External - Registration: Test Cases/ICRC External - Registration

2019-01-07 10:38:46 - [TEST_STEP][PASSED] - openBrowser(""): Browser is opened with url: ''

2019-01-07 10:38:46 - [MESSAGE][INFO] - Starting 'Chrome' driver

2019-01-07 10:38:46 - [MESSAGE][INFO] - Action delay is set to 0 seconds

2019-01-07 10:38:50 - [MESSAGE][PASSED] - Browser is opened with url: ''

2019-01-07 10:38:50 - [TEST_STEP][PASSED] - navigateToUrl("https://icrc-test.nci.nih.gov/"): Navigate to 'https://icrc-test.nci.nih.gov/' successfully

2019-01-07 10:38:51 - [MESSAGE][PASSED] - Navigate to 'https://icrc-test.nci.nih.gov/' successfully

2019-01-07 10:38:51 - [TEST_STEP][PASSED] - click(findTestObject("Page_Introduction to Cancer Researc/a_Register")): Object: 'Object Repository/Page_Introduction to Cancer Researc/a_Register' is clicked on

2019-01-07 10:38:52 - [MESSAGE][PASSED] - Object: 'Object Repository/Page_Introduction to Cancer Researc/a_Register' is clicked on

2019-01-07 10:38:52 - [TEST_STEP][PASSED] - click(findTestObject("Object Repository/Page_Registration/input__usPersonType (3)")): Object: 'Object Repository/Page_Registration/input__usPersonType (3)' is clicked on

2019-01-07 10:38:52 - [MESSAGE][PASSED] - Object: 'Object Repository/Page_Registration/input__usPersonType (3)' is clicked on

2019-01-07 10:38:52 - [TEST_STEP][PASSED] - click(findTestObject("Object Repository/Page_Registration/input_U.S. Citizen_usPersonTyp (1)")): Object: 'Object Repository/Page_Registration/input_U.S. Citizen_usPersonTyp (1)' is clicked on

2019-01-07 10:38:52 - [MESSAGE][PASSED] - Object: 'Object Repository/Page_Registration/input_U.S. Citizen_usPersonTyp (1)' is clicked on

2019-01-07 10:38:52 - [TEST_STEP][PASSED] - click(findTestObject("Object Repository/Page_Registration/div_Alien Registration Number (1)")): Object: 'Object Repository/Page_Registration/div_Alien Registration Number (1)' is clicked on

2019-01-07 10:38:52 - [MESSAGE][PASSED] - Object: 'Object Repository/Page_Registration/div_Alien Registration Number (1)' is clicked on

2019-01-07 10:38:52 - [TEST_STEP][PASSED] - selectOptionByValue(findTestObject("Object Repository/Page_Registration/select_--- Select a level --- (3)"), "162", true): All options with value '162' are selected in object 'Object Repository/Page_Registration/select_--- Select a level --- (3)'  using regular expression

2019-01-07 10:38:53 - [MESSAGE][PASSED] - All options with value '162' are selected in object 'Object Repository/Page_Registration/select_--- Select a level --- (3)'  using regular expression

2019-01-07 10:38:53 - [TEST_STEP][PASSED] - selectOptionByValue(findTestObject("Object Repository/Page_Registration/select_--- Select a level --- (3)"), "164", true): All options with value '164' are selected in object 'Object Repository/Page_Registration/select_--- Select a level --- (3)'  using regular expression

2019-01-07 10:38:53 - [MESSAGE][PASSED] - All options with value '164' are selected in object 'Object Repository/Page_Registration/select_--- Select a level --- (3)'  using regular expression

2019-01-07 10:38:53 - [TEST_STEP][PASSED] - click(findTestObject("Object Repository/Page_Registration/div_Are you U.S. CitizenPerman (1)")): Object: 'Object Repository/Page_Registration/div_Are you U.S. CitizenPerman (1)' is clicked on

2019-01-07 10:38:53 - [MESSAGE][PASSED] - Object: 'Object Repository/Page_Registration/div_Are you U.S. CitizenPerman (1)' is clicked on

2019-01-07 10:38:53 - [TEST_STEP][PASSED] - selectOptionByValue(findTestObject("Object Repository/Page_Registration/select_--- Select a level --- (3)"), "149", true): All options with value '149' are selected in object 'Object Repository/Page_Registration/select_--- Select a level --- (3)'  using regular expression

2019-01-07 10:38:53 - [MESSAGE][PASSED] - All options with value '149' are selected in object 'Object Repository/Page_Registration/select_--- Select a level --- (3)'  using regular expression

2019-01-07 10:38:53 - [TEST_STEP][PASSED] - click(findTestObject("Object Repository/Page_Registration/input__usPersonType (3)")): Object: 'Object Repository/Page_Registration/input__usPersonType (3)' is clicked on

2019-01-07 10:38:54 - [MESSAGE][PASSED] - Object: 'Object Repository/Page_Registration/input__usPersonType (3)' is clicked on

2019-01-07 10:38:54 - [TEST_STEP][PASSED] - selectOptionByValue(findTestObject("Object Repository/Page_Registration/select_--Select--    Dr.    Mr (1)"), "166", true): All options with value '166' are selected in object 'Object Repository/Page_Registration/select_--Select--    Dr.    Mr (1)'  using regular expression

2019-01-07 10:38:54 - [MESSAGE][PASSED] - All options with value '166' are selected in object 'Object Repository/Page_Registration/select_--Select--    Dr.    Mr (1)'  using regular expression

2019-01-07 10:38:54 - [TEST_STEP][PASSED] - click(findTestObject("Object Repository/Page_Registration/label_Prefix (1)")): Object: 'Object Repository/Page_Registration/label_Prefix (1)' is clicked on

2019-01-07 10:38:54 - [MESSAGE][PASSED] - Object: 'Object Repository/Page_Registration/label_Prefix (1)' is clicked on

2019-01-07 10:38:54 - [TEST_STEP][PASSED] - click(findTestObject("Object Repository/Page_Registration/div_Prefix            --Select (1)")): Object: 'Object Repository/Page_Registration/div_Prefix            --Select (1)' is clicked on

2019-01-07 10:38:54 - [MESSAGE][PASSED] - Object: 'Object Repository/Page_Registration/div_Prefix            --Select (1)' is clicked on

2019-01-07 10:38:54 - [TEST_STEP][PASSED] - click(findTestObject("Object Repository/Page_Registration/label_First Name (1)")): Object: 'Object Repository/Page_Registration/label_First Name (1)' is clicked on

2019-01-07 10:38:54 - [MESSAGE][PASSED] - Object: 'Object Repository/Page_Registration/label_First Name (1)' is clicked on

2019-01-07 10:38:54 - [TEST_STEP][PASSED] - click(findTestObject("Object Repository/Page_Registration/div_First Name (1)")): Object: 'Object Repository/Page_Registration/div_First Name (1)' is clicked on

2019-01-07 10:38:55 - [MESSAGE][PASSED] - Object: 'Object Repository/Page_Registration/div_First Name (1)' is clicked on

2019-01-07 10:38:55 - [TEST_STEP][PASSED] - setText(findTestObject("Object Repository/Page_Registration/input__firstName (1)"), "FirstName_1"): Text 'FirstName_1' is set on object 'Object Repository/Page_Registration/input__firstName (1)'

2019-01-07 10:38:55 - [MESSAGE][PASSED] - Text 'FirstName_1' is set on object 'Object Repository/Page_Registration/input__firstName (1)'

2019-01-07 10:38:55 - [TEST_STEP][PASSED] - setText(findTestObject("Object Repository/Page_Registration/input_Middle Name_middleName (1)"), "Middle_1"): Text 'Middle_1' is set on object 'Object Repository/Page_Registration/input_Middle Name_middleName (1)'

2019-01-07 10:38:55 - [MESSAGE][PASSED] - Text 'Middle_1' is set on object 'Object Repository/Page_Registration/input_Middle Name_middleName (1)'

2019-01-07 10:38:55 - [TEST_STEP][PASSED] - setText(findTestObject("Object Repository/Page_Registration/input__lastName (1)"), "LastName_1"): Text 'LastName_1' is set on object 'Object Repository/Page_Registration/input__lastName (1)'

2019-01-07 10:38:55 - [MESSAGE][PASSED] - Text 'LastName_1' is set on object 'Object Repository/Page_Registration/input__lastName (1)'

2019-01-07 10:38:55 - [TEST_STEP][PASSED] - setText(findTestObject("Object Repository/Page_Registration/input__email (1)"), "firstname1@nih.edu"): Text 'firstname1@nih.edu' is set on object 'Object Repository/Page_Registration/input__email (1)'

2019-01-07 10:38:55 - [MESSAGE][PASSED] - Text 'firstname1@nih.edu' is set on object 'Object Repository/Page_Registration/input__email (1)'

2019-01-07 10:38:55 - [TEST_STEP][PASSED] - setEncryptedText(findTestObject("Object Repository/Page_Registration/input__password (1)"), "iFGeFYmXIrWy72D5I5E8Dw=="): Text ****** has been set on object 'Object Repository/Page_Registration/input__password (1)'

2019-01-07 10:38:56 - [MESSAGE][PASSED] - Text ****** has been set on object 'Object Repository/Page_Registration/input__password (1)'

2019-01-07 10:38:56 - [TEST_STEP][PASSED] - setEncryptedText(findTestObject("Object Repository/Page_Registration/input__confirmPassword (1)"), "iFGeFYmXIrWy72D5I5E8Dw=="): Text ****** has been set on object 'Object Repository/Page_Registration/input__confirmPassword (1)'

2019-01-07 10:38:56 - [MESSAGE][PASSED] - Text ****** has been set on object 'Object Repository/Page_Registration/input__confirmPassword (1)'

2019-01-07 10:38:56 - [TEST_STEP][PASSED] - setText(findTestObject("Object Repository/Page_Registration/input_Address Line 1_address1 (1)"), "123 Fake St"): Text '123 Fake St' is set on object 'Object Repository/Page_Registration/input_Address Line 1_address1 (1)'

2019-01-07 10:38:56 - [MESSAGE][PASSED] - Text '123 Fake St' is set on object 'Object Repository/Page_Registration/input_Address Line 1_address1 (1)'

2019-01-07 10:38:56 - [TEST_STEP][PASSED] - setText(findTestObject("Object Repository/Page_Registration/input_Address Line 2_address2 (1)"), "Apt 1"): Text 'Apt 1' is set on object 'Object Repository/Page_Registration/input_Address Line 2_address2 (1)'

2019-01-07 10:38:56 - [MESSAGE][PASSED] - Text 'Apt 1' is set on object 'Object Repository/Page_Registration/input_Address Line 2_address2 (1)'

2019-01-07 10:38:56 - [TEST_STEP][PASSED] - setText(findTestObject("Object Repository/Page_Registration/input_City_city (1)"), "Rockville"): Text 'Rockville' is set on object 'Object Repository/Page_Registration/input_City_city (1)'

2019-01-07 10:38:57 - [MESSAGE][PASSED] - Text 'Rockville' is set on object 'Object Repository/Page_Registration/input_City_city (1)'

2019-01-07 10:38:57 - [TEST_STEP][PASSED] - click(findTestObject("Object Repository/Page_Registration/a_State  Province  Region_stat (2)")): Object: 'Object Repository/Page_Registration/a_State  Province  Region_stat (2)' is clicked on

2019-01-07 10:38:57 - [MESSAGE][PASSED] - Object: 'Object Repository/Page_Registration/a_State  Province  Region_stat (2)' is clicked on

2019-01-07 10:38:57 - [TEST_STEP][PASSED] - waitForElementPresent(findTestObject("Page_Registration/div_MD - Maryland_2"), 0): Object 'Object Repository/Page_Registration/div_MD - Maryland_2' is present

2019-01-07 10:38:57 - [MESSAGE][WARNING] - Timeout '0' is invalid. Using default page load timeout: '30'

2019-01-07 10:38:57 - [MESSAGE][PASSED] - Object 'Object Repository/Page_Registration/div_MD - Maryland_2' is present

2019-01-07 10:38:57 - [TEST_STEP][PASSED] - click(findTestObject("Object Repository/Page_Registration/div_MD - Maryland_2")): Object: 'Object Repository/Page_Registration/div_MD - Maryland_2' is clicked on

2019-01-07 10:38:57 - [MESSAGE][PASSED] - Object: 'Object Repository/Page_Registration/div_MD - Maryland_2' is clicked on

2019-01-07 10:38:57 - [TEST_STEP][PASSED] - click(findTestObject("Object Repository/Page_Registration/label_Postal  Code (1)")): Object: 'Object Repository/Page_Registration/label_Postal  Code (1)' is clicked on

2019-01-07 10:38:57 - [MESSAGE][PASSED] - Object: 'Object Repository/Page_Registration/label_Postal  Code (1)' is clicked on

2019-01-07 10:38:57 - [TEST_STEP][PASSED] - click(findTestObject("Object Repository/Page_Registration/span_Postal  Code (1)")): Object: 'Object Repository/Page_Registration/span_Postal  Code (1)' is clicked on

2019-01-07 10:38:57 - [MESSAGE][PASSED] - Object: 'Object Repository/Page_Registration/span_Postal  Code (1)' is clicked on

2019-01-07 10:38:57 - [TEST_STEP][PASSED] - setText(findTestObject("Object Repository/Page_Registration/input_Postal  Code_postalCode (1)"), "20850"): Text '20850' is set on object 'Object Repository/Page_Registration/input_Postal  Code_postalCode (1)'

2019-01-07 10:38:57 - [MESSAGE][PASSED] - Text '20850' is set on object 'Object Repository/Page_Registration/input_Postal  Code_postalCode (1)'

2019-01-07 10:38:57 - [TEST_STEP][PASSED] - click(findTestObject("Object Repository/Page_Registration/label_Select Question 1 (1)")): Object: 'Object Repository/Page_Registration/label_Select Question 1 (1)' is clicked on

2019-01-07 10:38:58 - [MESSAGE][PASSED] - Object: 'Object Repository/Page_Registration/label_Select Question 1 (1)' is clicked on

2019-01-07 10:38:58 - [TEST_STEP][PASSED] - click(findTestObject("Object Repository/Page_Registration/label_Select Question 2 (1)")): Object: 'Object Repository/Page_Registration/label_Select Question 2 (1)' is clicked on

2019-01-07 10:38:58 - [MESSAGE][PASSED] - Object: 'Object Repository/Page_Registration/label_Select Question 2 (1)' is clicked on

2019-01-07 10:38:58 - [TEST_STEP][PASSED] - click(findTestObject("Object Repository/Page_Registration/label_Select Question 3 (1)")): Object: 'Object Repository/Page_Registration/label_Select Question 3 (1)' is clicked on

2019-01-07 10:38:58 - [MESSAGE][PASSED] - Object: 'Object Repository/Page_Registration/label_Select Question 3 (1)' is clicked on

2019-01-07 10:38:58 - [TEST_STEP][PASSED] - click(findTestObject("Object Repository/Page_Registration/p_Please select and answer sec (1)")): Object: 'Object Repository/Page_Registration/p_Please select and answer sec (1)' is clicked on

2019-01-07 10:38:58 - [MESSAGE][PASSED] - Object: 'Object Repository/Page_Registration/p_Please select and answer sec (1)' is clicked on

2019-01-07 10:38:58 - [TEST_STEP][PASSED] - click(findTestObject("Object Repository/Page_Registration/strong_Security Questions (1)")): Object: 'Object Repository/Page_Registration/strong_Security Questions (1)' is clicked on

2019-01-07 10:38:58 - [MESSAGE][PASSED] - Object: 'Object Repository/Page_Registration/strong_Security Questions (1)' is clicked on

2019-01-07 10:38:58 - [TEST_STEP][PASSED] - selectOptionByValue(findTestObject("Object Repository/Page_Registration/select_--- Question 1 ---    W (1)"), "152", true): All options with value '152' are selected in object 'Object Repository/Page_Registration/select_--- Question 1 ---    W (1)'  using regular expression

2019-01-07 10:38:58 - [MESSAGE][PASSED] - All options with value '152' are selected in object 'Object Repository/Page_Registration/select_--- Question 1 ---    W (1)'  using regular expression

2019-01-07 10:38:58 - [TEST_STEP][PASSED] - setText(findTestObject("Object Repository/Page_Registration/input_Enter Your Answer for Qu (1)"), "make1"): Text 'make1' is set on object 'Object Repository/Page_Registration/input_Enter Your Answer for Qu (1)'

2019-01-07 10:38:59 - [MESSAGE][PASSED] - Text 'make1' is set on object 'Object Repository/Page_Registration/input_Enter Your Answer for Qu (1)'

2019-01-07 10:38:59 - [TEST_STEP][PASSED] - click(findTestObject("Object Repository/Page_Registration/div_Select Question 2 (1)")): Object: 'Object Repository/Page_Registration/div_Select Question 2 (1)' is clicked on

2019-01-07 10:38:59 - [MESSAGE][PASSED] - Object: 'Object Repository/Page_Registration/div_Select Question 2 (1)' is clicked on

2019-01-07 10:38:59 - [TEST_STEP][PASSED] - selectOptionByValue(findTestObject("Object Repository/Page_Registration/select_--- Question 2 ---    W (1)"), "153", true): All options with value '153' are selected in object 'Object Repository/Page_Registration/select_--- Question 2 ---    W (1)'  using regular expression

2019-01-07 10:38:59 - [MESSAGE][PASSED] - All options with value '153' are selected in object 'Object Repository/Page_Registration/select_--- Question 2 ---    W (1)'  using regular expression

2019-01-07 10:38:59 - [TEST_STEP][PASSED] - setText(findTestObject("Object Repository/Page_Registration/input_Enter Your Answer for Qu_6 (1)"), "name1"): Text 'name1' is set on object 'Object Repository/Page_Registration/input_Enter Your Answer for Qu_6 (1)'

2019-01-07 10:38:59 - [MESSAGE][PASSED] - Text 'name1' is set on object 'Object Repository/Page_Registration/input_Enter Your Answer for Qu_6 (1)'

2019-01-07 10:38:59 - [TEST_STEP][PASSED] - selectOptionByValue(findTestObject("Object Repository/Page_Registration/select_--- Question 3 ---    W (1)"), "154", true): All options with value '154' are selected in object 'Object Repository/Page_Registration/select_--- Question 3 ---    W (1)'  using regular expression

2019-01-07 10:38:59 - [MESSAGE][PASSED] - All options with value '154' are selected in object 'Object Repository/Page_Registration/select_--- Question 3 ---    W (1)'  using regular expression

2019-01-07 10:38:59 - [TEST_STEP][PASSED] - setText(findTestObject("Object Repository/Page_Registration/input_Enter Your Answer for Qu_16 (1)"), "nickname1"): Text 'nickname1' is set on object 'Object Repository/Page_Registration/input_Enter Your Answer for Qu_16 (1)'

2019-01-07 10:39:00 - [MESSAGE][PASSED] - Text 'nickname1' is set on object 'Object Repository/Page_Registration/input_Enter Your Answer for Qu_16 (1)'

2019-01-07 10:39:00 - [TEST_STEP][NOT_RUN] - click(findTestObject("Page_Registration/input_CANCEL_registerButton (1)")): NOT_RUN: click(findTestObject("Page_Registration/input_CANCEL_registerButton (1)"))

2019-01-07 10:39:00 - [MESSAGE][NOT_RUN] - NOT_RUN: click(findTestObject("Page_Registration/input_CANCEL_registerButton (1)"))

2019-01-07 10:39:00 - [TEST_STEP][PASSED] - closeBrowser(): Browser is closed

2019-01-07 10:39:01 - [MESSAGE][PASSED] - Browser is closed]]></system-out>
         <system-err><![CDATA[]]></system-err>
      </testcase>
      <testcase name="Test Cases/ICRC External - Login" classname="Test Cases/ICRC External - Login" status="PASSED">
         <system-out><![CDATA[2019-01-07 10:39:01 - [TEST_CASE][PASSED] - Test Cases/ICRC External - Login: Test Cases/ICRC External - Login

2019-01-07 10:39:01 - [TEST_STEP][PASSED] - openBrowser(""): Browser is opened with url: ''

2019-01-07 10:39:01 - [MESSAGE][INFO] - Starting 'Chrome' driver

2019-01-07 10:39:03 - [MESSAGE][PASSED] - Browser is opened with url: ''

2019-01-07 10:39:03 - [TEST_STEP][PASSED] - navigateToUrl("https://icrc-test.nci.nih.gov/"): Navigate to 'https://icrc-test.nci.nih.gov/' successfully

2019-01-07 10:39:04 - [MESSAGE][PASSED] - Navigate to 'https://icrc-test.nci.nih.gov/' successfully

2019-01-07 10:39:04 - [TEST_STEP][PASSED] - click(findTestObject("Object Repository/Page_Introduction to Cancer Researc/a_Login")): Object: 'Object Repository/Page_Introduction to Cancer Researc/a_Login' is clicked on

2019-01-07 10:39:04 - [MESSAGE][PASSED] - Object: 'Object Repository/Page_Introduction to Cancer Researc/a_Login' is clicked on

2019-01-07 10:39:04 - [TEST_STEP][PASSED] - setText(findTestObject("Object Repository/Page_Login/input_Email Address_username"), "firstname1@nih.edu"): Text 'firstname1@nih.edu' is set on object 'Object Repository/Page_Login/input_Email Address_username'

2019-01-07 10:39:05 - [MESSAGE][PASSED] - Text 'firstname1@nih.edu' is set on object 'Object Repository/Page_Login/input_Email Address_username'

2019-01-07 10:39:05 - [TEST_STEP][PASSED] - setEncryptedText(findTestObject("Object Repository/Page_Login/input_Password_password"), "iFGeFYmXIrWy72D5I5E8Dw=="): Text ****** has been set on object 'Object Repository/Page_Login/input_Password_password'

2019-01-07 10:39:05 - [MESSAGE][PASSED] - Text ****** has been set on object 'Object Repository/Page_Login/input_Password_password'

2019-01-07 10:39:05 - [TEST_STEP][PASSED] - click(findTestObject("Object Repository/Page_Login/input_Password_userlogin_0")): Object: 'Object Repository/Page_Login/input_Password_userlogin_0' is clicked on

2019-01-07 10:39:07 - [MESSAGE][PASSED] - Object: 'Object Repository/Page_Login/input_Password_userlogin_0' is clicked on

2019-01-07 10:39:07 - [TEST_STEP][PASSED] - click(findTestObject("Page_ICRC Application/a_Log out (1)")): Object: 'Object Repository/Page_ICRC Application/a_Log out (1)' is clicked on

2019-01-07 10:39:08 - [MESSAGE][PASSED] - Object: 'Object Repository/Page_ICRC Application/a_Log out (1)' is clicked on

2019-01-07 10:39:08 - [TEST_STEP][PASSED] - closeBrowser(): Browser is closed

2019-01-07 10:39:09 - [MESSAGE][PASSED] - Browser is closed]]></system-out>
         <system-err><![CDATA[]]></system-err>
      </testcase>
      <system-out><![CDATA[2019-01-07 10:38:45 - [TEST_SUITE][PASSED] - Register and Login: Test Cases/ICRC External - Login]]></system-out>
      <system-err><![CDATA[]]></system-err>
   </testsuite>
</testsuites>
