<?xml version="1.0" encoding="UTF-8"?>
<testsuites name="Registration - Liz" time="13" tests="1" failures="0" errors="0">
   <testsuite name="Registration - Liz" tests="1" failures="0" errors="0" time="13" timestamp="2019-01-09 12:24:33" hostname="andreyeve - NCI-02055139-L.nci.nih.gov" id="Test Suites/Registration - Liz">
      <properties>
         <property name="deviceName" value=""/>
         <property name="devicePlatform" value=""/>
         <property name="logFolder" value="C:\\Users\\andreyeve\\Katalon Studio\\CBIITQA-ICRC-KICKOFF 1\\Reports\\Registration - Liz\\20190109_122430"/>
         <property name="logFiles" value="C:\\Users\\andreyeve\\Katalon Studio\\CBIITQA-ICRC-KICKOFF 1\\Reports\\Registration - Liz\\20190109_122430\\execution0.log"/>
         <property name="attachments" value=""/>
         <property name="hostName" value="andreyeve - NCI-02055139-L.nci.nih.gov"/>
         <property name="os" value="Windows 7 64bit"/>
         <property name="katalonVersion" value="5.10.1.1"/>
         <property name="browser" value="Chrome 71.0.3578.98"/>
         <property name="hostAddress" value="10.172.20.72"/>
         <property name="sessionId" value="68d9d4f8e8697eb6b86796c24c5e42ce"/>
         <property name="seleniumVersion" value="3.7.1"/>
         <property name="proxyInformation" value="ProxyInformation{proxyOption=NO_PROXY, proxyServerType=HTTP, password=, proxyServerAddress=, proxyServerPort=0}"/>
         <property name="platform" value="Windows 7"/>
      </properties>
      <testcase name="Test Cases/ICRC External - Registration - Liz" classname="Test Cases/ICRC External - Registration - Liz" status="PASSED">
         <system-out><![CDATA[2019-01-09 12:24:33 - [TEST_CASE][PASSED] - Test Cases/ICRC External - Registration - Liz: Test Cases/ICRC External - Registration - Liz

2019-01-09 12:24:34 - [TEST_STEP][PASSED] - openBrowser(""): Browser is opened with url: ''

2019-01-09 12:24:34 - [MESSAGE][INFO] - Starting 'Chrome' driver

2019-01-09 12:24:34 - [MESSAGE][INFO] - Action delay is set to 0 seconds

2019-01-09 12:24:37 - [MESSAGE][PASSED] - Browser is opened with url: ''

2019-01-09 12:24:37 - [TEST_STEP][PASSED] - navigateToUrl("https://icrc-test.nci.nih.gov/"): Navigate to 'https://icrc-test.nci.nih.gov/' successfully

2019-01-09 12:24:39 - [MESSAGE][PASSED] - Navigate to 'https://icrc-test.nci.nih.gov/' successfully

2019-01-09 12:24:39 - [TEST_STEP][PASSED] - click(findTestObject("Page_Introduction to Cancer Researc/a_Register")): Object: 'Object Repository/Page_Introduction to Cancer Researc/a_Register' is clicked on

2019-01-09 12:24:39 - [MESSAGE][PASSED] - Object: 'Object Repository/Page_Introduction to Cancer Researc/a_Register' is clicked on

2019-01-09 12:24:39 - [TEST_STEP][PASSED] - click(findTestObject("Object Repository/Page_Registration/input__usPersonType (3)")): Object: 'Object Repository/Page_Registration/input__usPersonType (3)' is clicked on

2019-01-09 12:24:39 - [MESSAGE][PASSED] - Object: 'Object Repository/Page_Registration/input__usPersonType (3)' is clicked on

2019-01-09 12:24:39 - [TEST_STEP][PASSED] - click(findTestObject("Object Repository/Page_Registration/input_U.S. Citizen_usPersonTyp (1)")): Object: 'Object Repository/Page_Registration/input_U.S. Citizen_usPersonTyp (1)' is clicked on

2019-01-09 12:24:39 - [MESSAGE][PASSED] - Object: 'Object Repository/Page_Registration/input_U.S. Citizen_usPersonTyp (1)' is clicked on

2019-01-09 12:24:39 - [TEST_STEP][PASSED] - click(findTestObject("Object Repository/Page_Registration/div_Alien Registration Number (1)")): Object: 'Object Repository/Page_Registration/div_Alien Registration Number (1)' is clicked on

2019-01-09 12:24:39 - [MESSAGE][PASSED] - Object: 'Object Repository/Page_Registration/div_Alien Registration Number (1)' is clicked on

2019-01-09 12:24:39 - [TEST_STEP][PASSED] - selectOptionByValue(findTestObject("Object Repository/Page_Registration/select_--- Select a level --- (3)"), "162", true): All options with value '162' are selected in object 'Object Repository/Page_Registration/select_--- Select a level --- (3)'  using regular expression

2019-01-09 12:24:40 - [MESSAGE][PASSED] - All options with value '162' are selected in object 'Object Repository/Page_Registration/select_--- Select a level --- (3)'  using regular expression

2019-01-09 12:24:40 - [TEST_STEP][PASSED] - selectOptionByValue(findTestObject("Object Repository/Page_Registration/select_--- Select a level --- (3)"), "164", true): All options with value '164' are selected in object 'Object Repository/Page_Registration/select_--- Select a level --- (3)'  using regular expression

2019-01-09 12:24:40 - [MESSAGE][PASSED] - All options with value '164' are selected in object 'Object Repository/Page_Registration/select_--- Select a level --- (3)'  using regular expression

2019-01-09 12:24:40 - [TEST_STEP][PASSED] - click(findTestObject("Object Repository/Page_Registration/div_Are you U.S. CitizenPerman (1)")): Object: 'Object Repository/Page_Registration/div_Are you U.S. CitizenPerman (1)' is clicked on

2019-01-09 12:24:40 - [MESSAGE][PASSED] - Object: 'Object Repository/Page_Registration/div_Are you U.S. CitizenPerman (1)' is clicked on

2019-01-09 12:24:40 - [TEST_STEP][PASSED] - selectOptionByValue(findTestObject("Object Repository/Page_Registration/select_--- Select a level --- (3)"), "149", true): All options with value '149' are selected in object 'Object Repository/Page_Registration/select_--- Select a level --- (3)'  using regular expression

2019-01-09 12:24:41 - [MESSAGE][PASSED] - All options with value '149' are selected in object 'Object Repository/Page_Registration/select_--- Select a level --- (3)'  using regular expression

2019-01-09 12:24:41 - [TEST_STEP][PASSED] - click(findTestObject("Object Repository/Page_Registration/input__usPersonType (3)")): Object: 'Object Repository/Page_Registration/input__usPersonType (3)' is clicked on

2019-01-09 12:24:41 - [MESSAGE][PASSED] - Object: 'Object Repository/Page_Registration/input__usPersonType (3)' is clicked on

2019-01-09 12:24:41 - [TEST_STEP][PASSED] - selectOptionByValue(findTestObject("Object Repository/Page_Registration/select_--Select--    Dr.    Mr (1)"), "166", true): All options with value '166' are selected in object 'Object Repository/Page_Registration/select_--Select--    Dr.    Mr (1)'  using regular expression

2019-01-09 12:24:41 - [MESSAGE][PASSED] - All options with value '166' are selected in object 'Object Repository/Page_Registration/select_--Select--    Dr.    Mr (1)'  using regular expression

2019-01-09 12:24:41 - [TEST_STEP][PASSED] - click(findTestObject("Object Repository/Page_Registration/label_Prefix (1)")): Object: 'Object Repository/Page_Registration/label_Prefix (1)' is clicked on

2019-01-09 12:24:41 - [MESSAGE][PASSED] - Object: 'Object Repository/Page_Registration/label_Prefix (1)' is clicked on

2019-01-09 12:24:41 - [TEST_STEP][PASSED] - click(findTestObject("Object Repository/Page_Registration/div_Prefix            --Select (1)")): Object: 'Object Repository/Page_Registration/div_Prefix            --Select (1)' is clicked on

2019-01-09 12:24:41 - [MESSAGE][PASSED] - Object: 'Object Repository/Page_Registration/div_Prefix            --Select (1)' is clicked on

2019-01-09 12:24:41 - [TEST_STEP][PASSED] - click(findTestObject("Object Repository/Page_Registration/label_First Name (1)")): Object: 'Object Repository/Page_Registration/label_First Name (1)' is clicked on

2019-01-09 12:24:41 - [MESSAGE][PASSED] - Object: 'Object Repository/Page_Registration/label_First Name (1)' is clicked on

2019-01-09 12:24:42 - [TEST_STEP][PASSED] - click(findTestObject("Object Repository/Page_Registration/div_First Name (1)")): Object: 'Object Repository/Page_Registration/div_First Name (1)' is clicked on

2019-01-09 12:24:42 - [MESSAGE][PASSED] - Object: 'Object Repository/Page_Registration/div_First Name (1)' is clicked on

2019-01-09 12:24:42 - [TEST_STEP][PASSED] - setText(findTestObject("Object Repository/Page_Registration/input__firstName (1)"), FirstName): Text '' is set on object 'Object Repository/Page_Registration/input__firstName (1)'

2019-01-09 12:24:42 - [MESSAGE][PASSED] - Text '' is set on object 'Object Repository/Page_Registration/input__firstName (1)'

2019-01-09 12:24:42 - [TEST_STEP][PASSED] - setText(findTestObject("Object Repository/Page_Registration/input__lastName (1)"), LastName): Text '' is set on object 'Object Repository/Page_Registration/input__lastName (1)'

2019-01-09 12:24:42 - [MESSAGE][PASSED] - Text '' is set on object 'Object Repository/Page_Registration/input__lastName (1)'

2019-01-09 12:24:42 - [TEST_STEP][PASSED] - setText(findTestObject("Object Repository/Page_Registration/input__email (1)"), EmailAddress): Text '' is set on object 'Object Repository/Page_Registration/input__email (1)'

2019-01-09 12:24:42 - [MESSAGE][PASSED] - Text '' is set on object 'Object Repository/Page_Registration/input__email (1)'

2019-01-09 12:24:42 - [TEST_STEP][PASSED] - setText(findTestObject("Object Repository/Page_Registration/input__password (1)"), Password): Text '' is set on object 'Object Repository/Page_Registration/input__password (1)'

2019-01-09 12:24:42 - [MESSAGE][PASSED] - Text '' is set on object 'Object Repository/Page_Registration/input__password (1)'

2019-01-09 12:24:42 - [TEST_STEP][PASSED] - setText(findTestObject("Object Repository/Page_Registration/input__confirmPassword (1)"), ConfirmPassword): Text '' is set on object 'Object Repository/Page_Registration/input__confirmPassword (1)'

2019-01-09 12:24:42 - [MESSAGE][PASSED] - Text '' is set on object 'Object Repository/Page_Registration/input__confirmPassword (1)'

2019-01-09 12:24:42 - [TEST_STEP][PASSED] - setText(findTestObject("Object Repository/Page_Registration/input_Address Line 1_address1 (1)"), "123 Fake St"): Text '123 Fake St' is set on object 'Object Repository/Page_Registration/input_Address Line 1_address1 (1)'

2019-01-09 12:24:43 - [MESSAGE][PASSED] - Text '123 Fake St' is set on object 'Object Repository/Page_Registration/input_Address Line 1_address1 (1)'

2019-01-09 12:24:43 - [TEST_STEP][PASSED] - setText(findTestObject("Object Repository/Page_Registration/input_Address Line 2_address2 (1)"), "Apt 1"): Text 'Apt 1' is set on object 'Object Repository/Page_Registration/input_Address Line 2_address2 (1)'

2019-01-09 12:24:43 - [MESSAGE][PASSED] - Text 'Apt 1' is set on object 'Object Repository/Page_Registration/input_Address Line 2_address2 (1)'

2019-01-09 12:24:43 - [TEST_STEP][PASSED] - setText(findTestObject("Object Repository/Page_Registration/input_City_city (1)"), "Rockville"): Text 'Rockville' is set on object 'Object Repository/Page_Registration/input_City_city (1)'

2019-01-09 12:24:43 - [MESSAGE][PASSED] - Text 'Rockville' is set on object 'Object Repository/Page_Registration/input_City_city (1)'

2019-01-09 12:24:43 - [TEST_STEP][PASSED] - click(findTestObject("Object Repository/Page_Registration/a_State  Province  Region_stat (2)")): Object: 'Object Repository/Page_Registration/a_State  Province  Region_stat (2)' is clicked on

2019-01-09 12:24:43 - [MESSAGE][PASSED] - Object: 'Object Repository/Page_Registration/a_State  Province  Region_stat (2)' is clicked on

2019-01-09 12:24:43 - [TEST_STEP][PASSED] - waitForElementPresent(findTestObject("Page_Registration/div_MD - Maryland_2"), 0): Object 'Object Repository/Page_Registration/div_MD - Maryland_2' is present

2019-01-09 12:24:43 - [MESSAGE][WARNING] - Timeout '0' is invalid. Using default page load timeout: '30'

2019-01-09 12:24:43 - [MESSAGE][PASSED] - Object 'Object Repository/Page_Registration/div_MD - Maryland_2' is present

2019-01-09 12:24:43 - [TEST_STEP][PASSED] - click(findTestObject("Object Repository/Page_Registration/div_MD - Maryland_2")): Object: 'Object Repository/Page_Registration/div_MD - Maryland_2' is clicked on

2019-01-09 12:24:43 - [MESSAGE][PASSED] - Object: 'Object Repository/Page_Registration/div_MD - Maryland_2' is clicked on

2019-01-09 12:24:43 - [TEST_STEP][PASSED] - click(findTestObject("Object Repository/Page_Registration/label_Postal  Code (1)")): Object: 'Object Repository/Page_Registration/label_Postal  Code (1)' is clicked on

2019-01-09 12:24:43 - [MESSAGE][PASSED] - Object: 'Object Repository/Page_Registration/label_Postal  Code (1)' is clicked on

2019-01-09 12:24:43 - [TEST_STEP][PASSED] - click(findTestObject("Object Repository/Page_Registration/span_Postal  Code (1)")): Object: 'Object Repository/Page_Registration/span_Postal  Code (1)' is clicked on

2019-01-09 12:24:43 - [MESSAGE][PASSED] - Object: 'Object Repository/Page_Registration/span_Postal  Code (1)' is clicked on

2019-01-09 12:24:43 - [TEST_STEP][PASSED] - setText(findTestObject("Object Repository/Page_Registration/input_Postal  Code_postalCode (1)"), "20850"): Text '20850' is set on object 'Object Repository/Page_Registration/input_Postal  Code_postalCode (1)'

2019-01-09 12:24:44 - [MESSAGE][PASSED] - Text '20850' is set on object 'Object Repository/Page_Registration/input_Postal  Code_postalCode (1)'

2019-01-09 12:24:44 - [TEST_STEP][PASSED] - click(findTestObject("Object Repository/Page_Registration/label_Select Question 1 (1)")): Object: 'Object Repository/Page_Registration/label_Select Question 1 (1)' is clicked on

2019-01-09 12:24:44 - [MESSAGE][PASSED] - Object: 'Object Repository/Page_Registration/label_Select Question 1 (1)' is clicked on

2019-01-09 12:24:44 - [TEST_STEP][PASSED] - click(findTestObject("Object Repository/Page_Registration/label_Select Question 2 (1)")): Object: 'Object Repository/Page_Registration/label_Select Question 2 (1)' is clicked on

2019-01-09 12:24:44 - [MESSAGE][PASSED] - Object: 'Object Repository/Page_Registration/label_Select Question 2 (1)' is clicked on

2019-01-09 12:24:44 - [TEST_STEP][PASSED] - click(findTestObject("Object Repository/Page_Registration/label_Select Question 3 (1)")): Object: 'Object Repository/Page_Registration/label_Select Question 3 (1)' is clicked on

2019-01-09 12:24:44 - [MESSAGE][PASSED] - Object: 'Object Repository/Page_Registration/label_Select Question 3 (1)' is clicked on

2019-01-09 12:24:44 - [TEST_STEP][PASSED] - click(findTestObject("Object Repository/Page_Registration/p_Please select and answer sec (1)")): Object: 'Object Repository/Page_Registration/p_Please select and answer sec (1)' is clicked on

2019-01-09 12:24:44 - [MESSAGE][PASSED] - Object: 'Object Repository/Page_Registration/p_Please select and answer sec (1)' is clicked on

2019-01-09 12:24:44 - [TEST_STEP][PASSED] - click(findTestObject("Object Repository/Page_Registration/strong_Security Questions (1)")): Object: 'Object Repository/Page_Registration/strong_Security Questions (1)' is clicked on

2019-01-09 12:24:44 - [MESSAGE][PASSED] - Object: 'Object Repository/Page_Registration/strong_Security Questions (1)' is clicked on

2019-01-09 12:24:44 - [TEST_STEP][PASSED] - selectOptionByValue(findTestObject("Object Repository/Page_Registration/select_--- Question 1 ---    W (1)"), "152", true): All options with value '152' are selected in object 'Object Repository/Page_Registration/select_--- Question 1 ---    W (1)'  using regular expression

2019-01-09 12:24:44 - [MESSAGE][PASSED] - All options with value '152' are selected in object 'Object Repository/Page_Registration/select_--- Question 1 ---    W (1)'  using regular expression

2019-01-09 12:24:44 - [TEST_STEP][PASSED] - setText(findTestObject("Object Repository/Page_Registration/input_Enter Your Answer for Qu (1)"), "make1"): Text 'make1' is set on object 'Object Repository/Page_Registration/input_Enter Your Answer for Qu (1)'

2019-01-09 12:24:44 - [MESSAGE][PASSED] - Text 'make1' is set on object 'Object Repository/Page_Registration/input_Enter Your Answer for Qu (1)'

2019-01-09 12:24:44 - [TEST_STEP][PASSED] - click(findTestObject("Object Repository/Page_Registration/div_Select Question 2 (1)")): Object: 'Object Repository/Page_Registration/div_Select Question 2 (1)' is clicked on

2019-01-09 12:24:44 - [MESSAGE][PASSED] - Object: 'Object Repository/Page_Registration/div_Select Question 2 (1)' is clicked on

2019-01-09 12:24:44 - [TEST_STEP][PASSED] - selectOptionByValue(findTestObject("Object Repository/Page_Registration/select_--- Question 2 ---    W (1)"), "153", true): All options with value '153' are selected in object 'Object Repository/Page_Registration/select_--- Question 2 ---    W (1)'  using regular expression

2019-01-09 12:24:45 - [MESSAGE][PASSED] - All options with value '153' are selected in object 'Object Repository/Page_Registration/select_--- Question 2 ---    W (1)'  using regular expression

2019-01-09 12:24:45 - [TEST_STEP][PASSED] - setText(findTestObject("Object Repository/Page_Registration/input_Enter Your Answer for Qu_6 (1)"), "name1"): Text 'name1' is set on object 'Object Repository/Page_Registration/input_Enter Your Answer for Qu_6 (1)'

2019-01-09 12:24:45 - [MESSAGE][PASSED] - Text 'name1' is set on object 'Object Repository/Page_Registration/input_Enter Your Answer for Qu_6 (1)'

2019-01-09 12:24:45 - [TEST_STEP][PASSED] - selectOptionByValue(findTestObject("Object Repository/Page_Registration/select_--- Question 3 ---    W (1)"), "154", true): All options with value '154' are selected in object 'Object Repository/Page_Registration/select_--- Question 3 ---    W (1)'  using regular expression

2019-01-09 12:24:45 - [MESSAGE][PASSED] - All options with value '154' are selected in object 'Object Repository/Page_Registration/select_--- Question 3 ---    W (1)'  using regular expression

2019-01-09 12:24:45 - [TEST_STEP][PASSED] - setText(findTestObject("Object Repository/Page_Registration/input_Enter Your Answer for Qu_16 (1)"), "nickname1"): Text 'nickname1' is set on object 'Object Repository/Page_Registration/input_Enter Your Answer for Qu_16 (1)'

2019-01-09 12:24:45 - [MESSAGE][PASSED] - Text 'nickname1' is set on object 'Object Repository/Page_Registration/input_Enter Your Answer for Qu_16 (1)'

2019-01-09 12:24:45 - [TEST_STEP][PASSED] - click(findTestObject("Page_Registration/input_CANCEL_registerButton (1)")): Object: 'Object Repository/Page_Registration/input_CANCEL_registerButton (1)' is clicked on

2019-01-09 12:24:46 - [MESSAGE][PASSED] - Object: 'Object Repository/Page_Registration/input_CANCEL_registerButton (1)' is clicked on]]></system-out>
         <system-err><![CDATA[]]></system-err>
      </testcase>
      <system-out><![CDATA[2019-01-09 12:24:33 - [TEST_SUITE][PASSED] - Registration - Liz: Test Cases/ICRC External - Registration - Liz]]></system-out>
      <system-err><![CDATA[]]></system-err>
   </testsuite>
</testsuites>
